<?xml version="1.0" encoding="UTF-8"?>
<testsuite name="com.petstorelt.PetServiceTest" time="0.208" tests="3" errors="0" skipped="0" failures="1">
  <properties>
[...]
</properties>
  <testcase name="testAdd on testAdd(com.petstorelt.PetServiceTest)" classname="com.petstorelt.PetServiceTest" time="0.169"/>
  <testcase name="testFindById on testFindById(com.petstorelt.PetServiceTest)" classname="com.petstorelt.PetServiceTest" time="0.012"/>
  <testcase name="testRemove on testRemove(com.petstorelt.PetServiceTest)" classname="com.petstorelt.PetServiceTest" time="0.027">
    <failure message="expected null, but was:&lt;[]&gt;" type="java.lang.AssertionError"><![CDATA[java.lang.AssertionError: expected null, but was:<[]>
	at org.junit.Assert.fail(Assert.java:88)
	at org.junit.Assert.failNotNull(Assert.java:755)
	at org.junit.Assert.assertNull(Assert.java:737)
	at org.junit.Assert.assertNull(Assert.java:747)
	at com.petstorelt.PetServiceTest.testRemove(PetServiceTest.java:49)
]]></failure>
    <system-out><![CDATA[15:56:26.627 [main] DEBUG o.s.t.annotation.ProfileValueUtils - Retrieved @ProfileValueSourceConfiguration [null] for test class [com.petstorelt.PetServiceTest]
15:56:26.627 [main] DEBUG o.s.t.annotation.ProfileValueUtils - Retrieved ProfileValueSource type [class org.springframework.test.annotation.SystemProfileValueSource] for class [com.petstorelt.PetServiceTest]
15:56:26.627 [main] DEBUG o.s.t.c.s.DependencyInjectionTestExecutionListener - Performing dependency injection for test context [[DefaultTestContext@3d36e4cd testClass = PetServiceTest, testInstance = com.petstorelt.PetServiceTest@64e7619d, testMethod = [null], testException = [null], mergedContextConfiguration = [MergedContextConfiguration@6a472554 testClass = PetServiceTest, locations = '{classpath:context.xml}', classes = '{}', contextInitializerClasses = '[]', activeProfiles = '{}', propertySourceLocations = '{}', propertySourceProperties = '{}', contextLoader = 'org.springframework.test.context.support.DelegatingSmartContextLoader', parent = [null]]]].
15:56:26.627 [main] DEBUG o.s.t.c.c.DefaultCacheAwareContextLoaderDelegate - Retrieved ApplicationContext from cache with key [[MergedContextConfiguration@6a472554 testClass = PetServiceTest, locations = '{classpath:context.xml}', classes = '{}', contextInitializerClasses = '[]', activeProfiles = '{}', propertySourceLocations = '{}', propertySourceProperties = '{}', contextLoader = 'org.springframework.test.context.support.DelegatingSmartContextLoader', parent = [null]]]
15:56:26.627 [main] DEBUG o.springframework.test.context.cache - Spring test ApplicationContext cache statistics: [DefaultContextCache@71a8adcf size = 1, parentContextCount = 0, hitCount = 2, missCount = 1]
15:56:26.627 [main] DEBUG o.s.b.f.annotation.InjectionMetadata - Processing injected element of bean 'com.petstorelt.PetServiceTest': AutowiredFieldElement for private com.petstorelt.service.PetService com.petstorelt.PetServiceTest.petService
15:56:26.627 [main] DEBUG o.s.b.f.s.DefaultListableBeanFactory - Returning cached instance of singleton bean 'petService'
15:56:26.628 [main] DEBUG o.s.t.c.s.AbstractDirtiesContextTestExecutionListener - Before test method: context [DefaultTestContext@3d36e4cd testClass = PetServiceTest, testInstance = com.petstorelt.PetServiceTest@64e7619d, testMethod = testRemove@PetServiceTest, testException = [null], mergedContextConfiguration = [MergedContextConfiguration@6a472554 testClass = PetServiceTest, locations = '{classpath:context.xml}', classes = '{}', contextInitializerClasses = '[]', activeProfiles = '{}', propertySourceLocations = '{}', propertySourceProperties = '{}', contextLoader = 'org.springframework.test.context.support.DelegatingSmartContextLoader', parent = [null]]], class annotated with @DirtiesContext [false] with mode [null], method annotated with @DirtiesContext [false] with mode [null].
15:56:26.628 [main] DEBUG o.s.jdbc.core.JdbcTemplate - Executing SQL statement [delete from pet where id=1]
15:56:26.628 [main] DEBUG o.s.jdbc.datasource.DataSourceUtils - Fetching JDBC Connection from DataSource
15:56:26.635 [main] DEBUG o.s.jdbc.datasource.DataSourceUtils - Returning JDBC Connection to DataSource
15:56:26.637 [main] DEBUG o.s.jdbc.core.JdbcTemplate - Executing SQL query [select * from pet order by id]
15:56:26.637 [main] DEBUG o.s.jdbc.datasource.DataSourceUtils - Fetching JDBC Connection from DataSource
15:56:26.648 [main] DEBUG o.s.jdbc.datasource.DataSourceUtils - Returning JDBC Connection to DataSource
15:56:26.653 [main] DEBUG o.s.t.c.s.AbstractDirtiesContextTestExecutionListener - After test method: context [DefaultTestContext@3d36e4cd testClass = PetServiceTest, testInstance = com.petstorelt.PetServiceTest@64e7619d, testMethod = testRemove@PetServiceTest, testException = java.lang.AssertionError: expected null, but was:<[]>, mergedContextConfiguration = [MergedContextConfiguration@6a472554 testClass = PetServiceTest, locations = '{classpath:context.xml}', classes = '{}', contextInitializerClasses = '[]', activeProfiles = '{}', propertySourceLocations = '{}', propertySourceProperties = '{}', contextLoader = 'org.springframework.test.context.support.DelegatingSmartContextLoader', parent = [null]]], class annotated with @DirtiesContext [false] with mode [null], method annotated with @DirtiesContext [false] with mode [null].
]]></system-out>
  </testcase>
</testsuite>